<?xml version="1.0" encoding="UTF-8"?>
<robot generator="Robot 7.2.2 (Python 3.12.8 on win32)" generated="2025-04-07T08:10:53.900815" rpa="false" schemaversion="5">
<suite id="s1" name="Tests" source="C:\Users\luizf\OneDrive\Documents\Robot-framework\tests">
<suite id="s1-s1" name="Login Tests" source="C:\Users\luizf\OneDrive\Documents\Robot-framework\tests\login_tests.robot">
<test id="s1-s1-t1" name="Login com Credenciais Válidas" line="7">
<kw name="Acessar Página de Login" owner="keywords">
<kw name="Abrir Navegador" owner="keywords">
<kw name="Open Browser" owner="SeleniumLibrary">
<msg time="2025-04-07T08:10:54.462073" level="INFO">Opening browser 'chrome' to base url 'https://wde-5p3f.onrender.com/login'.</msg>
<arg>${URL}</arg>
<arg>chrome</arg>
<doc>Opens a new browser instance to the optional ``url``.</doc>
<status status="PASS" start="2025-04-07T08:10:54.462073" elapsed="3.058203"/>
</kw>
<kw name="Maximize Browser Window" owner="SeleniumLibrary">
<doc>Maximizes current browser window.</doc>
<status status="PASS" start="2025-04-07T08:10:57.521277" elapsed="0.026990"/>
</kw>
<arg>${URL_LOGIN}</arg>
<status status="PASS" start="2025-04-07T08:10:54.461073" elapsed="3.087194"/>
</kw>
<status status="PASS" start="2025-04-07T08:10:54.460074" elapsed="3.088193"/>
</kw>
<kw name="Fazer Login" owner="keywords">
<kw name="Input Text" owner="SeleniumLibrary">
<msg time="2025-04-07T08:10:57.550301" level="INFO">Typing text 'emailteste@gmail.com' into text field 'id=email'.</msg>
<arg>${EMAIL_LOCATOR}</arg>
<arg>${EMAIL}</arg>
<doc>Types the given ``text`` into the text field identified by ``locator``.</doc>
<status status="PASS" start="2025-04-07T08:10:57.549290" elapsed="0.119433"/>
</kw>
<kw name="Input Text" owner="SeleniumLibrary">
<msg time="2025-04-07T08:10:57.668723" level="INFO">Typing text 'senhateste1232' into text field 'id=password'.</msg>
<arg>${SENHA_LOCATOR}</arg>
<arg>${SENHA}</arg>
<doc>Types the given ``text`` into the text field identified by ``locator``.</doc>
<status status="PASS" start="2025-04-07T08:10:57.668723" elapsed="0.091969"/>
</kw>
<kw name="Click Button" owner="SeleniumLibrary">
<msg time="2025-04-07T08:10:57.760692" level="INFO">Clicking button 'class=btn'.</msg>
<arg>${LOGIN_BTN_LOCATOR}</arg>
<doc>Clicks the button identified by ``locator``.</doc>
<status status="PASS" start="2025-04-07T08:10:57.760692" elapsed="5.134687"/>
</kw>
<status status="PASS" start="2025-04-07T08:10:57.549290" elapsed="5.346089"/>
</kw>
<kw name="Validar Login com Sucesso" owner="keywords">
<kw name="Wait Until Location Is" owner="SeleniumLibrary">
<arg>${URL_PRODUTOS}</arg>
<arg>timeout=10s</arg>
<doc>Waits until the current URL is ``expected``.</doc>
<status status="PASS" start="2025-04-07T08:11:02.896378" elapsed="0.006030"/>
</kw>
<kw name="Get Location" owner="SeleniumLibrary">
<msg time="2025-04-07T08:11:02.906401" level="INFO">${URL_ATUAL} = https://wde-5p3f.onrender.com/products</msg>
<var>${URL_ATUAL}</var>
<doc>Returns the current browser window URL.</doc>
<status status="PASS" start="2025-04-07T08:11:02.902408" elapsed="0.003993"/>
</kw>
<kw name="Should Be Equal" owner="BuiltIn">
<arg>${URL_ATUAL}</arg>
<arg>${URL_PRODUTOS}</arg>
<doc>Fails if the given objects are unequal.</doc>
<status status="PASS" start="2025-04-07T08:11:02.906401" elapsed="0.001000"/>
</kw>
<status status="PASS" start="2025-04-07T08:11:02.895379" elapsed="0.012022"/>
</kw>
<kw name="Fechar Navegador" owner="keywords">
<kw name="Close Browser" owner="SeleniumLibrary">
<doc>Closes the current browser.</doc>
<status status="PASS" start="2025-04-07T08:11:02.907401" elapsed="2.245694"/>
</kw>
<status status="PASS" start="2025-04-07T08:11:02.907401" elapsed="2.245694"/>
</kw>
<status status="PASS" start="2025-04-07T08:10:54.459097" elapsed="10.695010"/>
</test>
<test id="s1-s1-t2" name="Login com Credenciais Inválidas" line="13">
<kw name="Acessar Página de Login" owner="keywords">
<kw name="Abrir Navegador" owner="keywords">
<kw name="Open Browser" owner="SeleniumLibrary">
<msg time="2025-04-07T08:11:05.156115" level="INFO">Opening browser 'chrome' to base url 'https://wde-5p3f.onrender.com/login'.</msg>
<arg>${URL}</arg>
<arg>chrome</arg>
<doc>Opens a new browser instance to the optional ``url``.</doc>
<status status="PASS" start="2025-04-07T08:11:05.156115" elapsed="3.343372"/>
</kw>
<kw name="Maximize Browser Window" owner="SeleniumLibrary">
<doc>Maximizes current browser window.</doc>
<status status="PASS" start="2025-04-07T08:11:08.499487" elapsed="0.025991"/>
</kw>
<arg>${URL_LOGIN}</arg>
<status status="PASS" start="2025-04-07T08:11:05.155107" elapsed="3.370371"/>
</kw>
<status status="PASS" start="2025-04-07T08:11:05.155107" elapsed="3.370371"/>
</kw>
<kw name="Fazer Login Invalido" owner="keywords">
<kw name="Input Text" owner="SeleniumLibrary">
<msg time="2025-04-07T08:11:08.526478" level="INFO">Typing text 'emailtesteeeeee@gmail.com' into text field 'id=email'.</msg>
<arg>${EMAIL_INVALIDO_LOCATOR}</arg>
<arg>${EMAIL_INVALIDO}</arg>
<doc>Types the given ``text`` into the text field identified by ``locator``.</doc>
<status status="PASS" start="2025-04-07T08:11:08.526478" elapsed="0.133995"/>
</kw>
<kw name="Input Text" owner="SeleniumLibrary">
<msg time="2025-04-07T08:11:08.660473" level="INFO">Typing text 'senhateste1232' into text field 'id=password'.</msg>
<arg>${SENHA_LOCATOR}</arg>
<arg>${SENHA}</arg>
<doc>Types the given ``text`` into the text field identified by ``locator``.</doc>
<status status="PASS" start="2025-04-07T08:11:08.660473" elapsed="0.089671"/>
</kw>
<kw name="Click Button" owner="SeleniumLibrary">
<msg time="2025-04-07T08:11:08.750144" level="INFO">Clicking button 'class=btn'.</msg>
<arg>${LOGIN_BTN_LOCATOR}</arg>
<doc>Clicks the button identified by ``locator``.</doc>
<status status="PASS" start="2025-04-07T08:11:08.750144" elapsed="2.948805"/>
</kw>
<status status="PASS" start="2025-04-07T08:11:08.525478" elapsed="3.173471"/>
</kw>
<kw name="Validar Mensagem de Erro no Login" owner="keywords">
<kw name="Wait Until Element Is Visible" owner="SeleniumLibrary">
<arg>css=section.alert</arg>
<arg>timeout=10s</arg>
<doc>Waits until the element ``locator`` is visible.</doc>
<status status="PASS" start="2025-04-07T08:11:11.699972" elapsed="0.025968"/>
</kw>
<kw name="Get Text" owner="SeleniumLibrary">
<msg time="2025-04-07T08:11:11.753931" level="INFO">${titulo_atual} = INVALID CREDENTIALS</msg>
<var>${titulo_atual}</var>
<arg>css=.alert h2</arg>
<doc>Returns the text value of the element identified by ``locator``.</doc>
<status status="PASS" start="2025-04-07T08:11:11.725940" elapsed="0.027991"/>
</kw>
<kw name="Get Text" owner="SeleniumLibrary">
<msg time="2025-04-07T08:11:11.773948" level="INFO">${mensagem_atual} = Invalid credentials - please double-check your email and password!</msg>
<var>${mensagem_atual}</var>
<arg>css=.alert p</arg>
<doc>Returns the text value of the element identified by ``locator``.</doc>
<status status="PASS" start="2025-04-07T08:11:11.753931" elapsed="0.020017"/>
</kw>
<kw name="Should Be Equal" owner="BuiltIn">
<arg>${titulo_atual}</arg>
<arg>${ERRO_TITULO_LOGIN_LOCATOR}</arg>
<doc>Fails if the given objects are unequal.</doc>
<status status="PASS" start="2025-04-07T08:11:11.774947" elapsed="0.000000"/>
</kw>
<kw name="Should Be Equal" owner="BuiltIn">
<arg>${mensagem_atual}</arg>
<arg>${ERRO_MENSAGEM_LOGIN_LOCATOR}</arg>
<doc>Fails if the given objects are unequal.</doc>
<status status="PASS" start="2025-04-07T08:11:11.774947" elapsed="0.000000"/>
</kw>
<status status="PASS" start="2025-04-07T08:11:11.699972" elapsed="0.074975"/>
</kw>
<kw name="Fechar Navegador" owner="keywords">
<kw name="Close Browser" owner="SeleniumLibrary">
<doc>Closes the current browser.</doc>
<status status="PASS" start="2025-04-07T08:11:11.775924" elapsed="2.123369"/>
</kw>
<status status="PASS" start="2025-04-07T08:11:11.775924" elapsed="2.123369"/>
</kw>
<status status="PASS" start="2025-04-07T08:11:05.154107" elapsed="8.745186"/>
</test>
<status status="PASS" start="2025-04-07T08:10:53.958720" elapsed="19.942594"/>
</suite>
<suite id="s1-s2" name="Register Tests" source="C:\Users\luizf\OneDrive\Documents\Robot-framework\tests\register_tests.robot">
<test id="s1-s2-t1" name="Registrar Novo Usuário com Sucesso" line="7">
<kw name="Acessar Página de Registro" owner="keywords">
<kw name="Abrir Navegador" owner="keywords">
<kw name="Open Browser" owner="SeleniumLibrary">
<msg time="2025-04-07T08:11:13.913282" level="INFO">Opening browser 'chrome' to base url 'https://wde-5p3f.onrender.com/signup'.</msg>
<arg>${URL}</arg>
<arg>chrome</arg>
<doc>Opens a new browser instance to the optional ``url``.</doc>
<status status="PASS" start="2025-04-07T08:11:13.913282" elapsed="2.505707"/>
</kw>
<kw name="Maximize Browser Window" owner="SeleniumLibrary">
<doc>Maximizes current browser window.</doc>
<status status="PASS" start="2025-04-07T08:11:16.418989" elapsed="0.028990"/>
</kw>
<arg>${URL_REGISTRO}</arg>
<status status="PASS" start="2025-04-07T08:11:13.912278" elapsed="2.535701"/>
</kw>
<status status="PASS" start="2025-04-07T08:11:13.912278" elapsed="2.535701"/>
</kw>
<kw name="Fazer Registro" owner="keywords">
<kw name="Input Text" owner="SeleniumLibrary">
<msg time="2025-04-07T08:11:16.448979" level="INFO">Typing text 'emailteste@gmail.com' into text field 'id=email'.</msg>
<arg>${EMAIL_LOCATOR}</arg>
<arg>${EMAIL}</arg>
<doc>Types the given ``text`` into the text field identified by ``locator``.</doc>
<status status="PASS" start="2025-04-07T08:11:16.448979" elapsed="0.118248"/>
</kw>
<kw name="Input Text" owner="SeleniumLibrary">
<msg time="2025-04-07T08:11:16.567227" level="INFO">Typing text 'emailteste@gmail.com' into text field 'id=confirm-email'.</msg>
<arg>${CONFIRMAR_EMAIL_LOCATOR}</arg>
<arg>${CONFIRMAR_EMAIL}</arg>
<doc>Types the given ``text`` into the text field identified by ``locator``.</doc>
<status status="PASS" start="2025-04-07T08:11:16.567227" elapsed="0.102967"/>
</kw>
<kw name="Input Text" owner="SeleniumLibrary">
<msg time="2025-04-07T08:11:16.671224" level="INFO">Typing text 'senhateste1232' into text field 'id=password'.</msg>
<arg>${SENHA_LOCATOR}</arg>
<arg>${SENHA}</arg>
<doc>Types the given ``text`` into the text field identified by ``locator``.</doc>
<status status="PASS" start="2025-04-07T08:11:16.670194" elapsed="0.092710"/>
</kw>
<kw name="Input Text" owner="SeleniumLibrary">
<msg time="2025-04-07T08:11:16.762904" level="INFO">Typing text 'Teste Pereira da Silva' into text field 'id=fullname'.</msg>
<arg>${NOME_COMPLETO_LOCATOR}</arg>
<arg>${NOME_COMPLETO}</arg>
<doc>Types the given ``text`` into the text field identified by ``locator``.</doc>
<status status="PASS" start="2025-04-07T08:11:16.762904" elapsed="0.100991"/>
</kw>
<kw name="Input Text" owner="SeleniumLibrary">
<msg time="2025-04-07T08:11:16.864901" level="INFO">Typing text 'Rua ficticia' into text field 'id=street'.</msg>
<arg>${RUA_LOCATOR}</arg>
<arg>${RUA}</arg>
<doc>Types the given ``text`` into the text field identified by ``locator``.</doc>
<status status="PASS" start="2025-04-07T08:11:16.864901" elapsed="0.089460"/>
</kw>
<kw name="Input Text" owner="SeleniumLibrary">
<msg time="2025-04-07T08:11:16.955361" level="INFO">Typing text '12345' into text field 'id=postal'.</msg>
<arg>${CODIGO_POSTAL_LOCATOR}</arg>
<arg>${CODIGO_POSTAL}</arg>
<doc>Types the given ``text`` into the text field identified by ``locator``.</doc>
<status status="PASS" start="2025-04-07T08:11:16.954361" elapsed="0.081975"/>
</kw>
<kw name="Input Text" owner="SeleniumLibrary">
<msg time="2025-04-07T08:11:17.037360" level="INFO">Typing text 'Paquestao' into text field 'id=city'.</msg>
<arg>${CIDADE_LOCATOR}</arg>
<arg>${CIDADE}</arg>
<doc>Types the given ``text`` into the text field identified by ``locator``.</doc>
<status status="PASS" start="2025-04-07T08:11:17.036336" elapsed="0.084971"/>
</kw>
<kw name="Click Button" owner="SeleniumLibrary">
<msg time="2025-04-07T08:11:17.122337" level="INFO">Clicking button 'class=btn'.</msg>
<arg>${CRIAR_CONTA_BTN_LOCATOR}</arg>
<doc>Clicks the button identified by ``locator``.</doc>
<status status="PASS" start="2025-04-07T08:11:17.121307" elapsed="2.111831"/>
</kw>
<status status="PASS" start="2025-04-07T08:11:16.448979" elapsed="2.784159"/>
</kw>
<kw name="Validar Registro com Sucesso" owner="keywords">
<kw name="Wait Until Location Is" owner="SeleniumLibrary">
<msg time="2025-04-07T08:11:29.440255" level="INFO" html="true">&lt;/td&gt;&lt;/tr&gt;&lt;tr&gt;&lt;td colspan="3"&gt;&lt;a href="selenium-screenshot-2.png"&gt;&lt;img src="selenium-screenshot-2.png" width="800px"&gt;&lt;/a&gt;</msg>
<msg time="2025-04-07T08:11:29.440255" level="FAIL">Location did not become 'https://wde-5p3f.onrender.com/login' in 10 seconds.</msg>
<arg>${URL_LOGIN}</arg>
<arg>timeout=10s</arg>
<doc>Waits until the current URL is ``expected``.</doc>
<status status="FAIL" start="2025-04-07T08:11:19.234138" elapsed="10.209093">Location did not become 'https://wde-5p3f.onrender.com/login' in 10 seconds.</status>
</kw>
<kw name="Get Location" owner="SeleniumLibrary">
<var>${URL_ATUAL}</var>
<doc>Returns the current browser window URL.</doc>
<status status="NOT RUN" start="2025-04-07T08:11:29.443231" elapsed="0.000000"/>
</kw>
<kw name="Should Be Equal" owner="BuiltIn">
<arg>${URL_ATUAL}</arg>
<arg>${URL_LOGIN}</arg>
<doc>Fails if the given objects are unequal.</doc>
<status status="NOT RUN" start="2025-04-07T08:11:29.444231" elapsed="0.000000"/>
</kw>
<status status="FAIL" start="2025-04-07T08:11:19.233138" elapsed="10.211093">Location did not become 'https://wde-5p3f.onrender.com/login' in 10 seconds.</status>
</kw>
<kw name="Fechar Navegador" owner="keywords">
<status status="NOT RUN" start="2025-04-07T08:11:29.444231" elapsed="0.000000"/>
</kw>
<status status="FAIL" start="2025-04-07T08:11:13.911278" elapsed="15.533976">Location did not become 'https://wde-5p3f.onrender.com/login' in 10 seconds.</status>
</test>
<status status="FAIL" start="2025-04-07T08:11:13.902280" elapsed="15.543975"/>
</suite>
<status status="FAIL" start="2025-04-07T08:10:53.902786" elapsed="35.545469"/>
</suite>
<statistics>
<total>
<stat pass="2" fail="1" skip="0">All Tests</stat>
</total>
<tag>
</tag>
<suite>
<stat name="Tests" id="s1" pass="2" fail="1" skip="0">Tests</stat>
<stat name="Login Tests" id="s1-s1" pass="2" fail="0" skip="0">Tests.Login Tests</stat>
<stat name="Register Tests" id="s1-s2" pass="0" fail="1" skip="0">Tests.Register Tests</stat>
</suite>
</statistics>
<errors>
</errors>
</robot>
